17:10:57  LOAD_MODEL | C:\Users\renjiaren\Desktop\pythonProject4\prt0001.prt | 0
17:11:06  SET_PARAMT_REGEN | C:\Users\renjiaren\Desktop\pythonProject4\PRT0001.prt | 0
17:11:13  SAVE_MODEL | C:\Users\renjiaren\Desktop\pythonProject4\PRT0001.prt | 0
17:11:43  SET_PARAMT_REGEN | C:\Users\renjiaren\Desktop\pythonProject4\PRT0001.prt | 0
17:11:49  SAVE_MODEL | C:\Users\renjiaren\Desktop\pythonProject4\PRT0001.prt | 0
17:12:07  LOAD_MODEL | C:\Users\renjiaren\Desktop\pythonProject4\prt0001.prt | 0
17:12:11  SET_PARAMT_REGEN | C:\Users\renjiaren\Desktop\pythonProject4\PRT0001.prt | 0
17:12:16  SAVE_MODEL | C:\Users\renjiaren\Desktop\pythonProject4\PRT0001.prt | 0
17:12:36  STOP | 0
17:15:57  LOAD_MODEL | C:\Users\renjiaren\Desktop\pythonProject4\prt0001.prt | 0
17:16:02  SET_PARAMT_REGEN | C:\Users\renjiaren\Desktop\pythonProject4\PRT0001.prt | 0
17:16:09  EXPORT_MODEL_SAT | C:\Users\renjiaren\Desktop\pythonProject4\PRT0001.prt | 0
17:17:01  SET_PARAMT_REGEN | C:\Users\renjiaren\Desktop\pythonProject4\PRT0001.prt | 0
17:17:13  EXPORT_MODEL_SAT | C:\Users\renjiaren\Desktop\pythonProject4\PRT0001.prt | 0
17:17:17  STOP | 0
17:25:52  LOAD_MODEL | C:\Users\renjiaren\Desktop\pythonProject4\prt0001.prt | 0
17:25:59  SET_PARAMT_REGEN | C:\Users\renjiaren\Desktop\pythonProject4\PRT0001.prt | 0
17:26:08  EXPORT_MODEL_SAT | C:\Users\renjiaren\Desktop\pythonProject4\PRT0001.prt | 0
17:26:44  SAVE_MODEL | C:\Users\renjiaren\Desktop\pythonProject4\PRT0001.prt | 0
17:27:13  SET_PARAMT_REGEN | C:\Users\renjiaren\Desktop\pythonProject4\PRT0001.prt | 0
17:27:19  SAVE_MODEL | C:\Users\renjiaren\Desktop\pythonProject4\PRT0001.prt | 0
17:27:47  STOP | 0
17:32:31  LOAD_MODEL | C:\Users\renjiaren\Desktop\pythonProject4\prt0001.prt | 0
17:32:43  SET_PARAMT_REGEN | C:\Users\renjiaren\Desktop\pythonProject4\PRT0001.prt | 0
17:32:47  SAVE_MODEL | C:\Users\renjiaren\Desktop\pythonProject4\PRT0001.prt | 0
17:33:06  SET_PARAMT_REGEN | C:\Users\renjiaren\Desktop\pythonProject4\PRT0001.prt | 0
17:33:11  SAVE_MODEL | C:\Users\renjiaren\Desktop\pythonProject4\PRT0001.prt | 0
17:44:47  LOAD_MODEL | C:\Users\renjiaren\Desktop\pythonProject4\GRAIN.asm | 0
17:44:53  SET_PARAMT_REGEN | C:\Users\renjiaren\Desktop\pythonProject4\GRAIN.asm | 0
17:44:59  SAVE_MODEL | C:\Users\renjiaren\Desktop\pythonProject4\GRAIN.asm | 0
17:45:05  SET_PARAMT_REGEN | C:\Users\renjiaren\Desktop\pythonProject4\GRAIN.asm | 0
17:45:11  SAVE_MODEL | C:\Users\renjiaren\Desktop\pythonProject4\GRAIN.asm | 0
17:45:17  SET_PARAMT_REGEN | C:\Users\renjiaren\Desktop\pythonProject4\GRAIN.asm | 0
17:45:23  SAVE_MODEL | C:\Users\renjiaren\Desktop\pythonProject4\GRAIN.asm | 0
17:45:29  SET_PARAMT_REGEN | C:\Users\renjiaren\Desktop\pythonProject4\GRAIN.asm | 0
17:45:35  SAVE_MODEL | C:\Users\renjiaren\Desktop\pythonProject4\GRAIN.asm | 0
17:45:41  SET_PARAMT_REGEN | C:\Users\renjiaren\Desktop\pythonProject4\GRAIN.asm | 0
17:45:47  SAVE_MODEL | C:\Users\renjiaren\Desktop\pythonProject4\GRAIN.asm | 0
17:45:53  SET_PARAMT_REGEN | C:\Users\renjiaren\Desktop\pythonProject4\GRAIN.asm | 0
17:45:59  SAVE_MODEL | C:\Users\renjiaren\Desktop\pythonProject4\GRAIN.asm | 0
17:46:05  STOP | 0
17:49:37  LOAD_MODEL | C:\Users\renjiaren\Desktop\pythonProject4\GRAIN.asm | 0
17:49:43  SET_PARAMT_REGEN | C:\Users\renjiaren\Desktop\pythonProject4\GRAIN.asm | 0
17:49:49  SAVE_MODEL | C:\Users\renjiaren\Desktop\pythonProject4\GRAIN.asm | 0
17:49:55  LOAD_MODEL | C:\Users\renjiaren\Desktop\pythonProject4\GRAIN.prt | 0
17:50:01  SET_PARAMT_REGEN | C:\Users\renjiaren\Desktop\pythonProject4\GRAIN.prt | 0
17:50:07  SAVE_MODEL | C:\Users\renjiaren\Desktop\pythonProject4\GRAIN.prt | 0
17:50:13  EXPORT_MODEL_SAT | C:\Users\renjiaren\Desktop\pythonProject4\GRAIN.prt | 0
17:51:02  SET_PARAMT_REGEN | C:\Users\renjiaren\Desktop\pythonProject4\GRAIN.prt | 0
17:51:08  SAVE_MODEL | C:\Users\renjiaren\Desktop\pythonProject4\GRAIN.prt | 0
17:51:14  LOAD_MODEL | C:\Users\renjiaren\Desktop\pythonProject4\GRAIN.prt | 0
17:51:20  SET_PARAMT_REGEN | C:\Users\renjiaren\Desktop\pythonProject4\GRAIN.prt | 0
17:51:26  SAVE_MODEL | C:\Users\renjiaren\Desktop\pythonProject4\GRAIN.prt | 0
17:51:32  EXPORT_MODEL_SAT | C:\Users\renjiaren\Desktop\pythonProject4\GRAIN.prt | 0
17:52:21  SET_PARAMT_REGEN | C:\Users\renjiaren\Desktop\pythonProject4\GRAIN.prt | 0
17:52:27  SAVE_MODEL | C:\Users\renjiaren\Desktop\pythonProject4\GRAIN.prt | 0
17:52:33  LOAD_MODEL | C:\Users\renjiaren\Desktop\pythonProject4\GRAIN.prt | 0
17:52:39  SET_PARAMT_REGEN | C:\Users\renjiaren\Desktop\pythonProject4\GRAIN.prt | 0
17:53:51  LOAD_MODEL | C:\Users\renjiaren\Desktop\pythonProject4\GRAIN.asm | 0
17:53:57  SET_PARAMT_REGEN | C:\Users\renjiaren\Desktop\pythonProject4\GRAIN.asm | 0
17:54:04  SAVE_MODEL | C:\Users\renjiaren\Desktop\pythonProject4\GRAIN.asm | 0
17:54:11  LOAD_MODEL | C:\Users\renjiaren\Desktop\pythonProject4\GRAIN.prt | 0
17:54:16  SET_PARAMT_REGEN | C:\Users\renjiaren\Desktop\pythonProject4\GRAIN.prt | 0
17:54:22  SAVE_MODEL | C:\Users\renjiaren\Desktop\pythonProject4\GRAIN.prt | 0
17:54:28  EXPORT_MODEL_SAT | C:\Users\renjiaren\Desktop\pythonProject4\GRAIN.prt | 0
17:55:17  SET_PARAMT_REGEN | C:\Users\renjiaren\Desktop\pythonProject4\GRAIN.prt | 0
17:55:25  SAVE_MODEL | C:\Users\renjiaren\Desktop\pythonProject4\GRAIN.prt | 0
17:55:31  LOAD_MODEL | C:\Users\renjiaren\Desktop\pythonProject4\GRAIN.prt | 0
17:55:37  SET_PARAMT_REGEN | C:\Users\renjiaren\Desktop\pythonProject4\GRAIN.prt | 0
17:55:43  SAVE_MODEL | C:\Users\renjiaren\Desktop\pythonProject4\GRAIN.prt | 0
17:55:49  EXPORT_MODEL_SAT | C:\Users\renjiaren\Desktop\pythonProject4\GRAIN.prt | 0
17:56:38  SET_PARAMT_REGEN | C:\Users\renjiaren\Desktop\pythonProject4\GRAIN.prt | 0
17:56:45  SAVE_MODEL | C:\Users\renjiaren\Desktop\pythonProject4\GRAIN.prt | 0
17:56:52  LOAD_MODEL | C:\Users\renjiaren\Desktop\pythonProject4\GRAIN.prt | 0
17:56:58  SET_PARAMT_REGEN | C:\Users\renjiaren\Desktop\pythonProject4\GRAIN.prt | 0
17:57:03  SAVE_MODEL | C:\Users\renjiaren\Desktop\pythonProject4\GRAIN.prt | 0
17:57:09  EXPORT_MODEL_SAT | C:\Users\renjiaren\Desktop\pythonProject4\GRAIN.prt | 0
17:57:58  SET_PARAMT_REGEN | C:\Users\renjiaren\Desktop\pythonProject4\GRAIN.prt | 0
17:58:06  SAVE_MODEL | C:\Users\renjiaren\Desktop\pythonProject4\GRAIN.prt | 0
17:58:12  LOAD_MODEL | C:\Users\renjiaren\Desktop\pythonProject4\GRAIN.prt | 0
17:58:18  SET_PARAMT_REGEN | C:\Users\renjiaren\Desktop\pythonProject4\GRAIN.prt | 0
17:58:24  SAVE_MODEL | C:\Users\renjiaren\Desktop\pythonProject4\GRAIN.prt | 0
17:58:30  EXPORT_MODEL_SAT | C:\Users\renjiaren\Desktop\pythonProject4\GRAIN.prt | 0
17:59:18  SET_PARAMT_REGEN | C:\Users\renjiaren\Desktop\pythonProject4\GRAIN.prt | 0
17:59:26  SAVE_MODEL | C:\Users\renjiaren\Desktop\pythonProject4\GRAIN.prt | 0
17:59:33  LOAD_MODEL | C:\Users\renjiaren\Desktop\pythonProject4\GRAIN.prt | 0
17:59:39  SET_PARAMT_REGEN | C:\Users\renjiaren\Desktop\pythonProject4\GRAIN.prt | 0
17:59:44  SAVE_MODEL | C:\Users\renjiaren\Desktop\pythonProject4\GRAIN.prt | 0
17:59:50  EXPORT_MODEL_SAT | C:\Users\renjiaren\Desktop\pythonProject4\GRAIN.prt | 0
18:00:39  SET_PARAMT_REGEN | C:\Users\renjiaren\Desktop\pythonProject4\GRAIN.prt | 0
18:00:47  SAVE_MODEL | C:\Users\renjiaren\Desktop\pythonProject4\GRAIN.prt | 0
18:00:53  LOAD_MODEL | C:\Users\renjiaren\Desktop\pythonProject4\GRAIN.prt | 0
18:00:59  SET_PARAMT_REGEN | C:\Users\renjiaren\Desktop\pythonProject4\GRAIN.prt | 0
18:01:05  SAVE_MODEL | C:\Users\renjiaren\Desktop\pythonProject4\GRAIN.prt | 0
18:01:11  EXPORT_MODEL_SAT | C:\Users\renjiaren\Desktop\pythonProject4\GRAIN.prt | 0
18:02:00  STOP | 0
18:09:40  LOAD_MODEL | C:\Users\renjiaren\Desktop\pythonProject4\GRAIN.asm | 0
18:09:46  SET_PARAMT_REGEN | C:\Users\renjiaren\Desktop\pythonProject4\GRAIN.asm | 0
18:09:54  SAVE_MODEL | C:\Users\renjiaren\Desktop\pythonProject4\GRAIN.asm | 0
18:10:00  LOAD_MODEL | C:\Users\renjiaren\Desktop\pythonProject4\GRAIN.prt | 0
18:10:06  SET_PARAMT_REGEN | C:\Users\renjiaren\Desktop\pythonProject4\GRAIN.prt | 0
18:10:12  SAVE_MODEL | C:\Users\renjiaren\Desktop\pythonProject4\GRAIN.prt | 0
18:10:18  EXPORT_MODEL_SAT | C:\Users\renjiaren\Desktop\pythonProject4\GRAIN.prt | 0
18:11:06  SET_PARAMT_REGEN | C:\Users\renjiaren\Desktop\pythonProject4\GRAIN.prt | 0
18:11:14  SAVE_MODEL | C:\Users\renjiaren\Desktop\pythonProject4\GRAIN.prt | 0
18:11:20  LOAD_MODEL | C:\Users\renjiaren\Desktop\pythonProject4\GRAIN.prt | 0
18:11:26  SET_PARAMT_REGEN | C:\Users\renjiaren\Desktop\pythonProject4\GRAIN.prt | 0
18:11:32  SAVE_MODEL | C:\Users\renjiaren\Desktop\pythonProject4\GRAIN.prt | 0
18:11:38  EXPORT_MODEL_SAT | C:\Users\renjiaren\Desktop\pythonProject4\GRAIN.prt | 0
18:12:27  SET_PARAMT_REGEN | C:\Users\renjiaren\Desktop\pythonProject4\GRAIN.prt | 0
18:12:35  SAVE_MODEL | C:\Users\renjiaren\Desktop\pythonProject4\GRAIN.prt | 0
18:12:41  LOAD_MODEL | C:\Users\renjiaren\Desktop\pythonProject4\GRAIN.prt | 0
18:12:47  SET_PARAMT_REGEN | C:\Users\renjiaren\Desktop\pythonProject4\GRAIN.prt | 0
18:12:53  SAVE_MODEL | C:\Users\renjiaren\Desktop\pythonProject4\GRAIN.prt | 0
18:12:59  EXPORT_MODEL_SAT | C:\Users\renjiaren\Desktop\pythonProject4\GRAIN.prt | 0
18:13:47  SET_PARAMT_REGEN | C:\Users\renjiaren\Desktop\pythonProject4\GRAIN.prt | 0
18:13:55  SAVE_MODEL | C:\Users\renjiaren\Desktop\pythonProject4\GRAIN.prt | 0
18:14:02  LOAD_MODEL | C:\Users\renjiaren\Desktop\pythonProject4\GRAIN.prt | 0
18:14:07  SET_PARAMT_REGEN | C:\Users\renjiaren\Desktop\pythonProject4\GRAIN.prt | 0
18:14:13  SAVE_MODEL | C:\Users\renjiaren\Desktop\pythonProject4\GRAIN.prt | 0
18:14:19  EXPORT_MODEL_SAT | C:\Users\renjiaren\Desktop\pythonProject4\GRAIN.prt | 0
18:15:08  SET_PARAMT_REGEN | C:\Users\renjiaren\Desktop\pythonProject4\GRAIN.prt | 0
18:15:16  SAVE_MODEL | C:\Users\renjiaren\Desktop\pythonProject4\GRAIN.prt | 0
18:15:22  LOAD_MODEL | C:\Users\renjiaren\Desktop\pythonProject4\GRAIN.prt | 0
18:15:28  SET_PARAMT_REGEN | C:\Users\renjiaren\Desktop\pythonProject4\GRAIN.prt | 0
18:15:34  SAVE_MODEL | C:\Users\renjiaren\Desktop\pythonProject4\GRAIN.prt | 0
18:15:40  EXPORT_MODEL_SAT | C:\Users\renjiaren\Desktop\pythonProject4\GRAIN.prt | 0
18:16:29  SET_PARAMT_REGEN | C:\Users\renjiaren\Desktop\pythonProject4\GRAIN.prt | 0
18:16:37  SAVE_MODEL | C:\Users\renjiaren\Desktop\pythonProject4\GRAIN.prt | 0
18:16:43  LOAD_MODEL | C:\Users\renjiaren\Desktop\pythonProject4\GRAIN.prt | 0
18:16:49  SET_PARAMT_REGEN | C:\Users\renjiaren\Desktop\pythonProject4\GRAIN.prt | 0
18:16:55  SAVE_MODEL | C:\Users\renjiaren\Desktop\pythonProject4\GRAIN.prt | 0
18:17:01  EXPORT_MODEL_SAT | C:\Users\renjiaren\Desktop\pythonProject4\GRAIN.prt | 0
18:17:49  STOP | 0
18:28:12  LOAD_MODEL | C:\Users\renjiaren\Desktop\pythonProject4\GRAIN.asm | 0
18:28:18  SET_PARAMT_REGEN | C:\Users\renjiaren\Desktop\pythonProject4\GRAIN.asm | 0
18:28:26  SAVE_MODEL | C:\Users\renjiaren\Desktop\pythonProject4\GRAIN.asm | 0
18:28:32  LOAD_MODEL | C:\Users\renjiaren\Desktop\pythonProject4\GRAIN.prt | 0
18:28:37  EXPORT_MODEL_SAT | C:\Users\renjiaren\Desktop\pythonProject4\GRAIN.prt | 0
18:29:26  SET_PARAMT_REGEN | C:\Users\renjiaren\Desktop\pythonProject4\GRAIN.prt | 0
18:29:34  SAVE_MODEL | C:\Users\renjiaren\Desktop\pythonProject4\GRAIN.prt | 0
18:29:41  LOAD_MODEL | C:\Users\renjiaren\Desktop\pythonProject4\GRAIN.prt | 0
18:29:46  EXPORT_MODEL_SAT | C:\Users\renjiaren\Desktop\pythonProject4\GRAIN.prt | 0
18:30:35  SET_PARAMT_REGEN | C:\Users\renjiaren\Desktop\pythonProject4\GRAIN.prt | 0
18:30:43  SAVE_MODEL | C:\Users\renjiaren\Desktop\pythonProject4\GRAIN.prt | 0
18:30:49  LOAD_MODEL | C:\Users\renjiaren\Desktop\pythonProject4\GRAIN.prt | 0
18:30:55  EXPORT_MODEL_SAT | C:\Users\renjiaren\Desktop\pythonProject4\GRAIN.prt | 0
18:31:43  STOP | 0
18:37:28  LOAD_MODEL | C:\Users\renjiaren\Desktop\pythonProject4\GRAIN.asm | 0
18:37:34  SET_PARAMT_REGEN | C:\Users\renjiaren\Desktop\pythonProject4\GRAIN.asm | 0
18:37:42  SAVE_MODEL | C:\Users\renjiaren\Desktop\pythonProject4\GRAIN.asm | 0
18:37:48  SET_PARAMT_REGEN | C:\Users\renjiaren\Desktop\pythonProject4\GRAIN.asm | 0
18:37:56  SAVE_MODEL | C:\Users\renjiaren\Desktop\pythonProject4\GRAIN.asm | 0
18:38:02  SET_PARAMT_REGEN | C:\Users\renjiaren\Desktop\pythonProject4\GRAIN.asm | 0
18:38:10  SAVE_MODEL | C:\Users\renjiaren\Desktop\pythonProject4\GRAIN.asm | 0
18:38:16  STOP | 0
18:45:23  LOAD_MODEL | C:\Users\renjiaren\Desktop\pythonProject4\GRAIN.asm | 0
18:45:30  SET_PARAMT_REGEN | C:\Users\renjiaren\Desktop\pythonProject4\GRAIN.asm | 0
18:45:35  SAVE_MODEL | C:\Users\renjiaren\Desktop\pythonProject4\GRAIN.asm | 0
18:45:42  LOAD_MODEL | C:\Users\renjiaren\Desktop\pythonProject4\GRAIN.prt | 0
18:45:47  EXPORT_MODEL_SAT | C:\Users\renjiaren\Desktop\pythonProject4\GRAIN.prt | 0
18:45:53  SET_PARAMT_REGEN | C:\Users\renjiaren\Desktop\pythonProject4\GRAIN.prt | 0
18:45:59  SAVE_MODEL | C:\Users\renjiaren\Desktop\pythonProject4\GRAIN.prt | 0
18:46:06  LOAD_MODEL | C:\Users\renjiaren\Desktop\pythonProject4\GRAIN.prt | 0
18:46:11  EXPORT_MODEL_SAT | C:\Users\renjiaren\Desktop\pythonProject4\GRAIN.prt | 0
18:46:18  SET_PARAMT_REGEN | C:\Users\renjiaren\Desktop\pythonProject4\GRAIN.prt | 0
18:46:23  SAVE_MODEL | C:\Users\renjiaren\Desktop\pythonProject4\GRAIN.prt | 0
18:46:30  LOAD_MODEL | C:\Users\renjiaren\Desktop\pythonProject4\GRAIN.prt | 0
18:46:35  EXPORT_MODEL_SAT | C:\Users\renjiaren\Desktop\pythonProject4\GRAIN.prt | 0
18:46:41  STOP | 0
18:47:44  LOAD_MODEL | C:\Users\renjiaren\Desktop\pythonProject4\GRAIN.asm | 0
18:47:49  LOAD_MODEL | C:\Users\renjiaren\Desktop\pythonProject4\GRAIN.prt | 0
18:47:55  SAVE_MODEL | C:\Users\renjiaren\Desktop\pythonProject4\GRAIN.prt | 0
18:48:01  EXPORT_MODEL_SAT | C:\Users\renjiaren\Desktop\pythonProject4\GRAIN.prt | 0
18:48:08  LOAD_MODEL | C:\Users\renjiaren\Desktop\pythonProject4\GRAIN.prt | 0
18:48:13  SAVE_MODEL | C:\Users\renjiaren\Desktop\pythonProject4\GRAIN.prt | 0
18:48:19  EXPORT_MODEL_SAT | C:\Users\renjiaren\Desktop\pythonProject4\GRAIN.prt | 0
18:48:26  LOAD_MODEL | C:\Users\renjiaren\Desktop\pythonProject4\GRAIN.prt | 0
18:48:31  SAVE_MODEL | C:\Users\renjiaren\Desktop\pythonProject4\GRAIN.prt | 0
18:48:37  EXPORT_MODEL_SAT | C:\Users\renjiaren\Desktop\pythonProject4\GRAIN.prt | 0
18:48:44  STOP | 0
18:54:02  LOAD_MODEL | C:\Users\renjiaren\Desktop\pythonProject4\GRAIN.asm | 0
18:54:08  SET_PARAMT_REGEN | C:\Users\renjiaren\Desktop\pythonProject4\GRAIN.asm | 0
18:54:14  SAVE_MODEL | C:\Users\renjiaren\Desktop\pythonProject4\GRAIN.asm | 0
18:54:20  EXPORT_MODEL_SAT | C:\Users\renjiaren\Desktop\pythonProject4\GRAIN.asm | 0
18:54:26  SET_PARAMT_REGEN | C:\Users\renjiaren\Desktop\pythonProject4\GRAIN.asm | 0
18:54:32  SAVE_MODEL | C:\Users\renjiaren\Desktop\pythonProject4\GRAIN.asm | 0
18:54:38  EXPORT_MODEL_SAT | C:\Users\renjiaren\Desktop\pythonProject4\GRAIN.asm | 0
18:54:44  SET_PARAMT_REGEN | C:\Users\renjiaren\Desktop\pythonProject4\GRAIN.asm | 0
18:54:50  SAVE_MODEL | C:\Users\renjiaren\Desktop\pythonProject4\GRAIN.asm | 0
18:54:56  EXPORT_MODEL_SAT | C:\Users\renjiaren\Desktop\pythonProject4\GRAIN.asm | 0
18:55:02  STOP | 0
18:56:21  LOAD_MODEL | C:\Users\renjiaren\Desktop\pythonProject4\GRAIN.asm | 0
18:56:27  SET_PARAMT_REGEN | C:\Users\renjiaren\Desktop\pythonProject4\GRAIN.asm | 0
18:56:33  SAVE_MODEL | C:\Users\renjiaren\Desktop\pythonProject4\GRAIN.asm | 0
18:56:39  EXPORT_MODEL_SAT | C:\Users\renjiaren\Desktop\pythonProject4\GRAIN.asm | 0
18:56:45  SET_PARAMT_REGEN | C:\Users\renjiaren\Desktop\pythonProject4\GRAIN.asm | 0
18:56:51  SAVE_MODEL | C:\Users\renjiaren\Desktop\pythonProject4\GRAIN.asm | 0
18:56:57  EXPORT_MODEL_SAT | C:\Users\renjiaren\Desktop\pythonProject4\GRAIN.asm | 0
18:57:04  SET_PARAMT_REGEN | C:\Users\renjiaren\Desktop\pythonProject4\GRAIN.asm | 0
18:57:09  SAVE_MODEL | C:\Users\renjiaren\Desktop\pythonProject4\GRAIN.asm | 0
18:57:15  EXPORT_MODEL_SAT | C:\Users\renjiaren\Desktop\pythonProject4\GRAIN.asm | 0
18:57:22  SET_PARAMT_REGEN | C:\Users\renjiaren\Desktop\pythonProject4\GRAIN.asm | 0
18:57:27  SAVE_MODEL | C:\Users\renjiaren\Desktop\pythonProject4\GRAIN.asm | 0
18:57:34  EXPORT_MODEL_SAT | C:\Users\renjiaren\Desktop\pythonProject4\GRAIN.asm | 0
18:57:39  STOP | 0
19:02:47  LOAD_MODEL | C:\Users\renjiaren\Desktop\pythonProject4\GRAIN.asm | 0
19:02:53  SET_PARAMT_REGEN | C:\Users\renjiaren\Desktop\pythonProject4\GRAIN.asm | 0
19:02:58  SAVE_MODEL | C:\Users\renjiaren\Desktop\pythonProject4\GRAIN.asm | 0
19:03:05  SET_PARAMT_REGEN | C:\Users\renjiaren\Desktop\pythonProject4\GRAIN.asm | 0
19:03:11  SAVE_MODEL | C:\Users\renjiaren\Desktop\pythonProject4\GRAIN.asm | 0
19:03:17  SET_PARAMT_REGEN | C:\Users\renjiaren\Desktop\pythonProject4\GRAIN.asm | 0
19:03:23  SAVE_MODEL | C:\Users\renjiaren\Desktop\pythonProject4\GRAIN.asm | 0
19:03:29  SET_PARAMT_REGEN | C:\Users\renjiaren\Desktop\pythonProject4\GRAIN.asm | 0
19:03:35  SAVE_MODEL | C:\Users\renjiaren\Desktop\pythonProject4\GRAIN.asm | 0
19:03:41  STOP | 0
19:04:34  LOAD_MODEL | C:\Users\renjiaren\Desktop\pythonProject4\GRAIN.asm | 0
19:04:40  SET_PARAMT_REGEN | C:\Users\renjiaren\Desktop\pythonProject4\GRAIN.asm | 0
19:04:46  SAVE_MODEL | C:\Users\renjiaren\Desktop\pythonProject4\GRAIN.asm | 0
19:04:52  LOAD_MODEL | C:\Users\renjiaren\Desktop\pythonProject4\GRAIN.asm | 0
19:04:58  SET_PARAMT_REGEN | C:\Users\renjiaren\Desktop\pythonProject4\GRAIN.asm | 0
19:05:04  SAVE_MODEL | C:\Users\renjiaren\Desktop\pythonProject4\GRAIN.asm | 0
19:05:10  LOAD_MODEL | C:\Users\renjiaren\Desktop\pythonProject4\GRAIN.asm | 0
19:05:16  SET_PARAMT_REGEN | C:\Users\renjiaren\Desktop\pythonProject4\GRAIN.asm | 0
19:05:22  SAVE_MODEL | C:\Users\renjiaren\Desktop\pythonProject4\GRAIN.asm | 0
19:05:29  LOAD_MODEL | C:\Users\renjiaren\Desktop\pythonProject4\GRAIN.asm | 0
19:05:34  SET_PARAMT_REGEN | C:\Users\renjiaren\Desktop\pythonProject4\GRAIN.asm | 0
19:05:40  SAVE_MODEL | C:\Users\renjiaren\Desktop\pythonProject4\GRAIN.asm | 0
19:05:46  STOP | 0
19:23:38  LOAD_MODEL | C:\Users\renjiaren\Desktop\pythonProject4\GRAIN.asm | 0
19:23:44  SET_PARAMT_REGEN | C:\Users\renjiaren\Desktop\pythonProject4\GRAIN.asm | 0
19:23:50  SAVE_MODEL | C:\Users\renjiaren\Desktop\pythonProject4\GRAIN.asm | 0
19:23:56  LOAD_MODEL | C:\Users\renjiaren\Desktop\pythonProject4\GRAIN.asm | 0
19:24:02  SET_PARAMT_REGEN | C:\Users\renjiaren\Desktop\pythonProject4\GRAIN.asm | 0
19:24:08  SAVE_MODEL | C:\Users\renjiaren\Desktop\pythonProject4\GRAIN.asm | 0
19:24:14  LOAD_MODEL | C:\Users\renjiaren\Desktop\pythonProject4\GRAIN.asm | 0
19:24:20  SET_PARAMT_REGEN | C:\Users\renjiaren\Desktop\pythonProject4\GRAIN.asm | 0
19:24:26  SAVE_MODEL | C:\Users\renjiaren\Desktop\pythonProject4\GRAIN.asm | 0
19:24:32  STOP | 0
19:25:11  LOAD_MODEL | C:\Users\renjiaren\Desktop\pythonProject4\GRAIN.asm | 0
19:25:18  SET_PARAMT_REGEN | C:\Users\renjiaren\Desktop\pythonProject4\GRAIN.asm | 0
19:25:25  SAVE_MODEL | C:\Users\renjiaren\Desktop\pythonProject4\GRAIN.asm | 0
19:25:32  LOAD_MODEL | C:\Users\renjiaren\Desktop\pythonProject4\GRAIN.asm | 0
19:25:39  SET_PARAMT_REGEN | C:\Users\renjiaren\Desktop\pythonProject4\GRAIN.asm | 0
19:25:46  SAVE_MODEL | C:\Users\renjiaren\Desktop\pythonProject4\GRAIN.asm | 0
19:25:53  LOAD_MODEL | C:\Users\renjiaren\Desktop\pythonProject4\GRAIN.asm | 0
19:26:00  SET_PARAMT_REGEN | C:\Users\renjiaren\Desktop\pythonProject4\GRAIN.asm | 0
19:26:07  SAVE_MODEL | C:\Users\renjiaren\Desktop\pythonProject4\GRAIN.asm | 0
19:26:14  STOP | 0
19:32:51  LOAD_MODEL | C:\Users\renjiaren\Desktop\pythonProject4\GRAIN.asm | 0
19:32:58  SET_PARAMT_REGEN | C:\Users\renjiaren\Desktop\pythonProject4\GRAIN.asm | 0
19:33:05  SAVE_MODEL | C:\Users\renjiaren\Desktop\pythonProject4\GRAIN.asm | 0
19:33:12  SET_PARAMT_REGEN | C:\Users\renjiaren\Desktop\pythonProject4\GRAIN.asm | 0
19:33:19  SAVE_MODEL | C:\Users\renjiaren\Desktop\pythonProject4\GRAIN.asm | 0
19:33:26  SET_PARAMT_REGEN | C:\Users\renjiaren\Desktop\pythonProject4\GRAIN.asm | 0
19:33:33  SAVE_MODEL | C:\Users\renjiaren\Desktop\pythonProject4\GRAIN.asm | 0
19:33:40  STOP | 0
19:38:26  LOAD_MODEL | C:\Users\renjiaren\Desktop\pythonProject4\GRAIN.asm | 0
19:38:33  SET_PARAMT_REGEN | C:\Users\renjiaren\Desktop\pythonProject4\GRAIN.asm | 0
19:38:42  SAVE_MODEL | C:\Users\renjiaren\Desktop\pythonProject4\GRAIN.asm | 0
19:38:49  EXPORT_MODEL_SAT | C:\Users\renjiaren\Desktop\pythonProject4\GRAIN.asm | 0
19:39:39  SET_PARAMT_REGEN | C:\Users\renjiaren\Desktop\pythonProject4\GRAIN.asm | 0
19:39:48  SAVE_MODEL | C:\Users\renjiaren\Desktop\pythonProject4\GRAIN.asm | 0
19:39:55  EXPORT_MODEL_SAT | C:\Users\renjiaren\Desktop\pythonProject4\GRAIN.asm | 0
19:40:44  SET_PARAMT_REGEN | C:\Users\renjiaren\Desktop\pythonProject4\GRAIN.asm | 0
19:40:53  SAVE_MODEL | C:\Users\renjiaren\Desktop\pythonProject4\GRAIN.asm | 0
19:41:00  EXPORT_MODEL_SAT | C:\Users\renjiaren\Desktop\pythonProject4\GRAIN.asm | 0
19:41:49  STOP | 0
20:20:31  LOAD_MODEL | C:\Users\renjiaren\Desktop\pythonProject4\GRAIN.asm | 0
20:20:38  SET_PARAMT_REGEN | C:\Users\renjiaren\Desktop\pythonProject4\GRAIN.asm | 0
20:20:47  SAVE_MODEL | C:\Users\renjiaren\Desktop\pythonProject4\GRAIN.asm | 0
20:20:54  EXPORT_MODEL_SAT | C:\Users\renjiaren\Desktop\pythonProject4\GRAIN.asm | 0
20:21:01  SET_PARAMT_REGEN | C:\Users\renjiaren\Desktop\pythonProject4\GRAIN.asm | 0
20:21:10  SAVE_MODEL | C:\Users\renjiaren\Desktop\pythonProject4\GRAIN.asm | 0
20:21:17  EXPORT_MODEL_SAT | C:\Users\renjiaren\Desktop\pythonProject4\GRAIN.asm | 0
20:21:24  SET_PARAMT_REGEN | C:\Users\renjiaren\Desktop\pythonProject4\GRAIN.asm | 0
20:21:33  SAVE_MODEL | C:\Users\renjiaren\Desktop\pythonProject4\GRAIN.asm | 0
20:21:40  EXPORT_MODEL_SAT | C:\Users\renjiaren\Desktop\pythonProject4\GRAIN.asm | 0
20:21:47  STOP | 0
20:25:24  LOAD_MODEL | C:\Users\renjiaren\Desktop\pythonProject4\GRAIN.asm | 0
20:25:32  SET_PARAMT_REGEN | C:\Users\renjiaren\Desktop\pythonProject4\GRAIN.asm | 0
20:25:40  SAVE_MODEL | C:\Users\renjiaren\Desktop\pythonProject4\GRAIN.asm | 0
20:25:47  EXPORT_MODEL_SAT | C:\Users\renjiaren\Desktop\pythonProject4\GRAIN.asm | 0
20:25:54  SET_PARAMT_REGEN | C:\Users\renjiaren\Desktop\pythonProject4\GRAIN.asm | 0
20:26:03  SAVE_MODEL | C:\Users\renjiaren\Desktop\pythonProject4\GRAIN.asm | 0
20:26:10  EXPORT_MODEL_SAT | C:\Users\renjiaren\Desktop\pythonProject4\GRAIN.asm | 0
20:26:17  STOP | 0
20:27:45  LOAD_MODEL | C:\Users\renjiaren\Desktop\pythonProject4\GRAIN.asm | 0
20:27:52  SET_PARAMT_REGEN | C:\Users\renjiaren\Desktop\pythonProject4\GRAIN.asm | 0
20:28:01  SAVE_MODEL | C:\Users\renjiaren\Desktop\pythonProject4\GRAIN.asm | 0
20:28:08  EXPORT_MODEL_SAT | C:\Users\renjiaren\Desktop\pythonProject4\GRAIN.asm | 0
20:28:57  SET_PARAMT_REGEN | C:\Users\renjiaren\Desktop\pythonProject4\GRAIN.asm | 0
20:29:06  SAVE_MODEL | C:\Users\renjiaren\Desktop\pythonProject4\GRAIN.asm | 0
20:29:13  EXPORT_MODEL_SAT | C:\Users\renjiaren\Desktop\pythonProject4\GRAIN.asm | 0
20:30:03  STOP | 0
20:31:28  LOAD_MODEL | C:\Users\renjiaren\Desktop\pythonProject4\GRAIN.asm | 0
20:31:35  SET_PARAMT_REGEN | C:\Users\renjiaren\Desktop\pythonProject4\GRAIN.asm | 0
20:31:44  SAVE_MODEL | C:\Users\renjiaren\Desktop\pythonProject4\GRAIN.asm | 0
20:31:51  EXPORT_MODEL_SAT | C:\Users\renjiaren\Desktop\pythonProject4\GRAIN.asm | 0
20:31:58  SET_PARAMT_REGEN | C:\Users\renjiaren\Desktop\pythonProject4\GRAIN.asm | 0
20:32:07  SAVE_MODEL | C:\Users\renjiaren\Desktop\pythonProject4\GRAIN.asm | 0
20:32:14  EXPORT_MODEL_SAT | C:\Users\renjiaren\Desktop\pythonProject4\GRAIN.asm | 0
20:32:21  SET_PARAMT_REGEN | C:\Users\renjiaren\Desktop\pythonProject4\GRAIN.asm | 0
20:32:30  SAVE_MODEL | C:\Users\renjiaren\Desktop\pythonProject4\GRAIN.asm | 0
20:32:37  EXPORT_MODEL_SAT | C:\Users\renjiaren\Desktop\pythonProject4\GRAIN.asm | 0
20:32:44  SET_PARAMT_REGEN | C:\Users\renjiaren\Desktop\pythonProject4\GRAIN.asm | 0
20:32:53  SAVE_MODEL | C:\Users\renjiaren\Desktop\pythonProject4\GRAIN.asm | 0
20:33:00  EXPORT_MODEL_SAT | C:\Users\renjiaren\Desktop\pythonProject4\GRAIN.asm | 0
20:33:07  STOP | 0
20:34:05  LOAD_MODEL | C:\Users\renjiaren\Desktop\pythonProject4\GRAIN.asm | 0
20:34:14  SET_PARAMT_REGEN | C:\Users\renjiaren\Desktop\pythonProject4\GRAIN.asm | 0
20:34:26  SAVE_MODEL | C:\Users\renjiaren\Desktop\pythonProject4\GRAIN.asm | 0
20:34:34  EXPORT_MODEL_SAT | C:\Users\renjiaren\Desktop\pythonProject4\GRAIN.asm | 0
20:34:44  SET_PARAMT_REGEN | C:\Users\renjiaren\Desktop\pythonProject4\GRAIN.asm | 0
20:34:55  SAVE_MODEL | C:\Users\renjiaren\Desktop\pythonProject4\GRAIN.asm | 0
20:35:03  EXPORT_MODEL_SAT | C:\Users\renjiaren\Desktop\pythonProject4\GRAIN.asm | 0
20:35:12  SET_PARAMT_REGEN | C:\Users\renjiaren\Desktop\pythonProject4\GRAIN.asm | 0
20:35:24  SAVE_MODEL | C:\Users\renjiaren\Desktop\pythonProject4\GRAIN.asm | 0
20:35:32  EXPORT_MODEL_SAT | C:\Users\renjiaren\Desktop\pythonProject4\GRAIN.asm | 0
20:35:42  SET_PARAMT_REGEN | C:\Users\renjiaren\Desktop\pythonProject4\GRAIN.asm | 0
20:35:53  SAVE_MODEL | C:\Users\renjiaren\Desktop\pythonProject4\GRAIN.asm | 0
20:36:01  EXPORT_MODEL_SAT | C:\Users\renjiaren\Desktop\pythonProject4\GRAIN.asm | 0
20:36:10  STOP | 0
20:39:08  LOAD_MODEL | C:\Users\renjiaren\Desktop\pythonProject4\GRAIN.asm | 0
20:39:17  SET_PARAMT_REGEN | C:\Users\renjiaren\Desktop\pythonProject4\GRAIN.asm | 0
20:39:28  SAVE_MODEL | C:\Users\renjiaren\Desktop\pythonProject4\GRAIN.asm | 0
20:39:37  EXPORT_MODEL_SAT | C:\Users\renjiaren\Desktop\pythonProject4\GRAIN.asm | 0
20:40:28  SET_PARAMT_REGEN | C:\Users\renjiaren\Desktop\pythonProject4\GRAIN.asm | 0
20:40:39  SAVE_MODEL | C:\Users\renjiaren\Desktop\pythonProject4\GRAIN.asm | 0
20:40:48  EXPORT_MODEL_SAT | C:\Users\renjiaren\Desktop\pythonProject4\GRAIN.asm | 0
20:41:40  SET_PARAMT_REGEN | C:\Users\renjiaren\Desktop\pythonProject4\GRAIN.asm | 0
20:41:51  SAVE_MODEL | C:\Users\renjiaren\Desktop\pythonProject4\GRAIN.asm | 0
20:41:59  EXPORT_MODEL_SAT | C:\Users\renjiaren\Desktop\pythonProject4\GRAIN.asm | 0
20:42:51  SET_PARAMT_REGEN | C:\Users\renjiaren\Desktop\pythonProject4\GRAIN.asm | 0
20:43:03  SAVE_MODEL | C:\Users\renjiaren\Desktop\pythonProject4\GRAIN.asm | 0
20:43:11  EXPORT_MODEL_SAT | C:\Users\renjiaren\Desktop\pythonProject4\GRAIN.asm | 0
20:44:02  STOP | 0
20:45:19  LOAD_MODEL | C:\Users\renjiaren\Desktop\pythonProject4\GRAIN.asm | 0
20:45:28  SET_PARAMT_REGEN | C:\Users\renjiaren\Desktop\pythonProject4\GRAIN.asm | 0
20:45:38  SAVE_MODEL | C:\Users\renjiaren\Desktop\pythonProject4\GRAIN.asm | 0
20:45:47  EXPORT_MODEL_SAT | C:\Users\renjiaren\Desktop\pythonProject4\GRAIN.asm | 0
20:45:57  LOAD_MODEL | C:\Users\renjiaren\Desktop\pythonProject4\GRAIN.asm | 0
20:46:06  SET_PARAMT_REGEN | C:\Users\renjiaren\Desktop\pythonProject4\GRAIN.asm | 0
20:46:16  SAVE_MODEL | C:\Users\renjiaren\Desktop\pythonProject4\GRAIN.asm | 0
20:46:26  EXPORT_MODEL_SAT | C:\Users\renjiaren\Desktop\pythonProject4\GRAIN.asm | 0
20:46:35  LOAD_MODEL | C:\Users\renjiaren\Desktop\pythonProject4\GRAIN.asm | 0
20:46:44  SET_PARAMT_REGEN | C:\Users\renjiaren\Desktop\pythonProject4\GRAIN.asm | 0
20:46:55  SAVE_MODEL | C:\Users\renjiaren\Desktop\pythonProject4\GRAIN.asm | 0
20:47:04  EXPORT_MODEL_SAT | C:\Users\renjiaren\Desktop\pythonProject4\GRAIN.asm | 0
20:47:13  LOAD_MODEL | C:\Users\renjiaren\Desktop\pythonProject4\GRAIN.asm | 0
20:47:22  SET_PARAMT_REGEN | C:\Users\renjiaren\Desktop\pythonProject4\GRAIN.asm | 0
20:47:33  SAVE_MODEL | C:\Users\renjiaren\Desktop\pythonProject4\GRAIN.asm | 0
20:47:42  EXPORT_MODEL_SAT | C:\Users\renjiaren\Desktop\pythonProject4\GRAIN.asm | 0
20:47:51  STOP | 0
20:53:23  LOAD_MODEL | C:\Users\renjiaren\Desktop\pythonProject4\GRAIN_ASM.asm | 0
20:53:32  SET_PARAMT_REGEN | C:\Users\renjiaren\Desktop\pythonProject4\GRAIN_ASM.asm | 0
20:53:42  SAVE_MODEL | C:\Users\renjiaren\Desktop\pythonProject4\GRAIN_ASM.asm | 0
20:53:51  LOAD_MODEL | C:\Users\renjiaren\Desktop\pythonProject4\GRAIN.prt | 0
20:54:00  SAVE_MODEL | C:\Users\renjiaren\Desktop\pythonProject4\GRAIN.prt | 0
20:54:09  EXPORT_MODEL_SAT | C:\Users\renjiaren\Desktop\pythonProject4\GRAIN.prt | 0
20:54:18  STOP | 0
20:56:30  LOAD_MODEL | C:\Users\renjiaren\Desktop\pythonProject4\GRAIN_ASM.asm | 0
20:56:39  SET_PARAMT_REGEN | C:\Users\renjiaren\Desktop\pythonProject4\GRAIN_ASM.asm | 0
20:56:50  SAVE_MODEL | C:\Users\renjiaren\Desktop\pythonProject4\GRAIN_ASM.asm | 0
20:56:59  LOAD_MODEL | C:\Users\renjiaren\Desktop\pythonProject4\GRAIN.prt | 0
20:57:08  SAVE_MODEL | C:\Users\renjiaren\Desktop\pythonProject4\GRAIN.prt | 0
20:57:17  EXPORT_MODEL_SAT | C:\Users\renjiaren\Desktop\pythonProject4\GRAIN.prt | 0
20:57:26  LOAD_MODEL | C:\Users\renjiaren\Desktop\pythonProject4\GRAIN_ASM.asm | 0
20:57:35  SET_PARAMT_REGEN | C:\Users\renjiaren\Desktop\pythonProject4\GRAIN_ASM.asm | 0
20:57:46  SAVE_MODEL | C:\Users\renjiaren\Desktop\pythonProject4\GRAIN_ASM.asm | 0
20:57:55  LOAD_MODEL | C:\Users\renjiaren\Desktop\pythonProject4\GRAIN.prt | 0
20:58:04  SAVE_MODEL | C:\Users\renjiaren\Desktop\pythonProject4\GRAIN.prt | 0
20:58:13  EXPORT_MODEL_SAT | C:\Users\renjiaren\Desktop\pythonProject4\GRAIN.prt | 0
20:58:22  LOAD_MODEL | C:\Users\renjiaren\Desktop\pythonProject4\GRAIN_ASM.asm | 0
20:58:31  SET_PARAMT_REGEN | C:\Users\renjiaren\Desktop\pythonProject4\GRAIN_ASM.asm | 0
20:58:42  SAVE_MODEL | C:\Users\renjiaren\Desktop\pythonProject4\GRAIN_ASM.asm | 0
20:58:51  LOAD_MODEL | C:\Users\renjiaren\Desktop\pythonProject4\GRAIN.prt | 0
20:59:00  SAVE_MODEL | C:\Users\renjiaren\Desktop\pythonProject4\GRAIN.prt | 0
20:59:09  EXPORT_MODEL_SAT | C:\Users\renjiaren\Desktop\pythonProject4\GRAIN.prt | 0
20:59:18  LOAD_MODEL | C:\Users\renjiaren\Desktop\pythonProject4\GRAIN_ASM.asm | 0
20:59:27  SET_PARAMT_REGEN | C:\Users\renjiaren\Desktop\pythonProject4\GRAIN_ASM.asm | 0
20:59:38  SAVE_MODEL | C:\Users\renjiaren\Desktop\pythonProject4\GRAIN_ASM.asm | 0
20:59:47  LOAD_MODEL | C:\Users\renjiaren\Desktop\pythonProject4\GRAIN.prt | 0
20:59:56  SAVE_MODEL | C:\Users\renjiaren\Desktop\pythonProject4\GRAIN.prt | 0
21:00:05  EXPORT_MODEL_SAT | C:\Users\renjiaren\Desktop\pythonProject4\GRAIN.prt | 0
21:00:14  STOP | 0
21:30:32  LOAD_MODEL | C:\Users\renjiaren\Desktop\pythonProject4\GRAIN.prt | 0
21:30:41  SET_PARAMT_REGEN | C:\Users\renjiaren\Desktop\pythonProject4\GRAIN.prt | 0
21:30:53  SAVE_MODEL | C:\Users\renjiaren\Desktop\pythonProject4\GRAIN.prt | 0
21:31:01  EXPORT_MODEL_SAT | C:\Users\renjiaren\Desktop\pythonProject4\GRAIN.prt | 0
21:31:10  SET_PARAMT_REGEN | C:\Users\renjiaren\Desktop\pythonProject4\GRAIN.prt | 0
21:31:22  SAVE_MODEL | C:\Users\renjiaren\Desktop\pythonProject4\GRAIN.prt | 0
21:31:30  EXPORT_MODEL_SAT | C:\Users\renjiaren\Desktop\pythonProject4\GRAIN.prt | 0
21:31:39  SET_PARAMT_REGEN | C:\Users\renjiaren\Desktop\pythonProject4\GRAIN.prt | 0
21:31:51  SAVE_MODEL | C:\Users\renjiaren\Desktop\pythonProject4\GRAIN.prt | 0
21:31:59  EXPORT_MODEL_SAT | C:\Users\renjiaren\Desktop\pythonProject4\GRAIN.prt | 0
21:32:08  SET_PARAMT_REGEN | C:\Users\renjiaren\Desktop\pythonProject4\GRAIN.prt | 0
21:32:19  SAVE_MODEL | C:\Users\renjiaren\Desktop\pythonProject4\GRAIN.prt | 0
21:32:28  EXPORT_MODEL_SAT | C:\Users\renjiaren\Desktop\pythonProject4\GRAIN.prt | 0
21:32:37  STOP | 0
21:33:35  LOAD_MODEL | C:\Users\renjiaren\Desktop\pythonProject4\GRAIN.prt | 0
21:33:41  SET_PARAMT_REGEN | C:\Users\renjiaren\Desktop\pythonProject4\GRAIN.prt | 0
21:33:49  SAVE_MODEL | C:\Users\renjiaren\Desktop\pythonProject4\GRAIN.prt | 0
21:33:55  EXPORT_MODEL_SAT | C:\Users\renjiaren\Desktop\pythonProject4\GRAIN.prt | 0
21:34:44  SET_PARAMT_REGEN | C:\Users\renjiaren\Desktop\pythonProject4\GRAIN.prt | 0
21:34:52  SAVE_MODEL | C:\Users\renjiaren\Desktop\pythonProject4\GRAIN.prt | 0
21:34:58  EXPORT_MODEL_SAT | C:\Users\renjiaren\Desktop\pythonProject4\GRAIN.prt | 0
21:35:47  SET_PARAMT_REGEN | C:\Users\renjiaren\Desktop\pythonProject4\GRAIN.prt | 0
21:35:55  SAVE_MODEL | C:\Users\renjiaren\Desktop\pythonProject4\GRAIN.prt | 0
21:36:01  EXPORT_MODEL_SAT | C:\Users\renjiaren\Desktop\pythonProject4\GRAIN.prt | 0
21:36:49  SET_PARAMT_REGEN | C:\Users\renjiaren\Desktop\pythonProject4\GRAIN.prt | 0
21:36:57  SAVE_MODEL | C:\Users\renjiaren\Desktop\pythonProject4\GRAIN.prt | 0
21:37:03  EXPORT_MODEL_SAT | C:\Users\renjiaren\Desktop\pythonProject4\GRAIN.prt | 0
21:37:51  STOP | 0
22:10:50  LOAD_MODEL | C:\Users\renjiaren\Desktop\pythonProject4\GRAIN.prt | 0
22:10:56  SET_PARAMT_REGEN | C:\Users\renjiaren\Desktop\pythonProject4\GRAIN.prt | 0
22:11:04  SAVE_MODEL | C:\Users\renjiaren\Desktop\pythonProject4\GRAIN.prt | 0
22:11:10  EXPORT_MODEL_SAT | C:\Users\renjiaren\Desktop\pythonProject4\GRAIN.prt | 0
22:14:39  STOP | 0
22:14:50  LOAD_MODEL | C:\Users\renjiaren\Desktop\pythonProject4\GRAIN.prt | 0
22:14:56  SET_PARAMT_REGEN | C:\Users\renjiaren\Desktop\pythonProject4\GRAIN.prt | 0
22:15:04  SAVE_MODEL | C:\Users\renjiaren\Desktop\pythonProject4\GRAIN.prt | 0
22:15:10  EXPORT_MODEL_SAT | C:\Users\renjiaren\Desktop\pythonProject4\GRAIN.prt | 0
22:15:59  SET_PARAMT_REGEN | C:\Users\renjiaren\Desktop\pythonProject4\GRAIN.prt | 0
22:16:07  SAVE_MODEL | C:\Users\renjiaren\Desktop\pythonProject4\GRAIN.prt | 0
22:16:13  EXPORT_MODEL_SAT | C:\Users\renjiaren\Desktop\pythonProject4\GRAIN.prt | 0
22:17:02  SET_PARAMT_REGEN | C:\Users\renjiaren\Desktop\pythonProject4\GRAIN.prt | 0
22:17:10  SAVE_MODEL | C:\Users\renjiaren\Desktop\pythonProject4\GRAIN.prt | 0
22:17:16  EXPORT_MODEL_SAT | C:\Users\renjiaren\Desktop\pythonProject4\GRAIN.prt | 0
22:18:04  SET_PARAMT_REGEN | C:\Users\renjiaren\Desktop\pythonProject4\GRAIN.prt | 0
22:18:12  SAVE_MODEL | C:\Users\renjiaren\Desktop\pythonProject4\GRAIN.prt | 0
22:18:18  EXPORT_MODEL_SAT | C:\Users\renjiaren\Desktop\pythonProject4\GRAIN.prt | 0
22:19:07  STOP | 0
22:26:50  LOAD_MODEL | C:\Users\renjiaren\Desktop\pythonProject4\GRAIN.prt | 0
22:26:56  SET_PARAMT_REGEN | C:\Users\renjiaren\Desktop\pythonProject4\GRAIN.prt | 0
22:27:04  SAVE_MODEL | C:\Users\renjiaren\Desktop\pythonProject4\GRAIN.prt | 0
22:27:10  EXPORT_MODEL_SAT | C:\Users\renjiaren\Desktop\pythonProject4\GRAIN.prt | 0
22:27:59  SET_PARAMT_REGEN | C:\Users\renjiaren\Desktop\pythonProject4\GRAIN.prt | 0
22:28:06  SAVE_MODEL | C:\Users\renjiaren\Desktop\pythonProject4\GRAIN.prt | 0
22:28:12  EXPORT_MODEL_SAT | C:\Users\renjiaren\Desktop\pythonProject4\GRAIN.prt | 0
22:29:01  SET_PARAMT_REGEN | C:\Users\renjiaren\Desktop\pythonProject4\GRAIN.prt | 0
22:29:09  SAVE_MODEL | C:\Users\renjiaren\Desktop\pythonProject4\GRAIN.prt | 0
22:29:15  EXPORT_MODEL_SAT | C:\Users\renjiaren\Desktop\pythonProject4\GRAIN.prt | 0
22:30:04  SET_PARAMT_REGEN | C:\Users\renjiaren\Desktop\pythonProject4\GRAIN.prt | 0
22:30:11  SAVE_MODEL | C:\Users\renjiaren\Desktop\pythonProject4\GRAIN.prt | 0
22:30:17  EXPORT_MODEL_SAT | C:\Users\renjiaren\Desktop\pythonProject4\GRAIN.prt | 0
22:31:06  SET_PARAMT_REGEN | C:\Users\renjiaren\Desktop\pythonProject4\GRAIN.prt | 0
22:31:14  SAVE_MODEL | C:\Users\renjiaren\Desktop\pythonProject4\GRAIN.prt | 0
22:31:20  EXPORT_MODEL_SAT | C:\Users\renjiaren\Desktop\pythonProject4\GRAIN.prt | 0
22:32:09  SET_PARAMT_REGEN | C:\Users\renjiaren\Desktop\pythonProject4\GRAIN.prt | 0
22:32:16  SAVE_MODEL | C:\Users\renjiaren\Desktop\pythonProject4\GRAIN.prt | 0
22:32:22  EXPORT_MODEL_SAT | C:\Users\renjiaren\Desktop\pythonProject4\GRAIN.prt | 0
22:33:11  SET_PARAMT_REGEN | C:\Users\renjiaren\Desktop\pythonProject4\GRAIN.prt | 0
22:33:19  SAVE_MODEL | C:\Users\renjiaren\Desktop\pythonProject4\GRAIN.prt | 0
22:33:25  EXPORT_MODEL_SAT | C:\Users\renjiaren\Desktop\pythonProject4\GRAIN.prt | 0
22:34:13  SET_PARAMT_REGEN | C:\Users\renjiaren\Desktop\pythonProject4\GRAIN.prt | 0
22:34:21  SAVE_MODEL | C:\Users\renjiaren\Desktop\pythonProject4\GRAIN.prt | 0
22:34:27  EXPORT_MODEL_SAT | C:\Users\renjiaren\Desktop\pythonProject4\GRAIN.prt | 0
22:35:16  STOP | 0
23:00:38  LOAD_MODEL | C:\Users\renjiaren\Desktop\pythonProject4\GRAIN.prt | 0
23:00:44  SET_PARAMT_REGEN | C:\Users\renjiaren\Desktop\pythonProject4\GRAIN.prt | 0
23:00:52  SAVE_MODEL | C:\Users\renjiaren\Desktop\pythonProject4\GRAIN.prt | 0
23:00:58  EXPORT_MODEL_SAT | C:\Users\renjiaren\Desktop\pythonProject4\GRAIN.prt | 0
23:01:47  SET_PARAMT_REGEN | C:\Users\renjiaren\Desktop\pythonProject4\GRAIN.prt | 0
23:01:54  SAVE_MODEL | C:\Users\renjiaren\Desktop\pythonProject4\GRAIN.prt | 0
23:02:01  EXPORT_MODEL_SAT | C:\Users\renjiaren\Desktop\pythonProject4\GRAIN.prt | 0
23:02:49  SET_PARAMT_REGEN | C:\Users\renjiaren\Desktop\pythonProject4\GRAIN.prt | 0
23:02:57  SAVE_MODEL | C:\Users\renjiaren\Desktop\pythonProject4\GRAIN.prt | 0
23:03:03  EXPORT_MODEL_SAT | C:\Users\renjiaren\Desktop\pythonProject4\GRAIN.prt | 0
23:03:52  SET_PARAMT_REGEN | C:\Users\renjiaren\Desktop\pythonProject4\GRAIN.prt | 0
23:03:59  SAVE_MODEL | C:\Users\renjiaren\Desktop\pythonProject4\GRAIN.prt | 0
23:04:05  EXPORT_MODEL_SAT | C:\Users\renjiaren\Desktop\pythonProject4\GRAIN.prt | 0
23:04:54  SET_PARAMT_REGEN | C:\Users\renjiaren\Desktop\pythonProject4\GRAIN.prt | 0
23:05:02  SAVE_MODEL | C:\Users\renjiaren\Desktop\pythonProject4\GRAIN.prt | 0
23:05:08  EXPORT_MODEL_SAT | C:\Users\renjiaren\Desktop\pythonProject4\GRAIN.prt | 0
23:05:56  SET_PARAMT_REGEN | C:\Users\renjiaren\Desktop\pythonProject4\GRAIN.prt | 0
23:06:04  SAVE_MODEL | C:\Users\renjiaren\Desktop\pythonProject4\GRAIN.prt | 0
23:06:10  EXPORT_MODEL_SAT | C:\Users\renjiaren\Desktop\pythonProject4\GRAIN.prt | 0
23:06:59  SET_PARAMT_REGEN | C:\Users\renjiaren\Desktop\pythonProject4\GRAIN.prt | 0
23:07:07  SAVE_MODEL | C:\Users\renjiaren\Desktop\pythonProject4\GRAIN.prt | 0
23:07:13  EXPORT_MODEL_SAT | C:\Users\renjiaren\Desktop\pythonProject4\GRAIN.prt | 0
23:08:01  SET_PARAMT_REGEN | C:\Users\renjiaren\Desktop\pythonProject4\GRAIN.prt | 0
23:08:09  SAVE_MODEL | C:\Users\renjiaren\Desktop\pythonProject4\GRAIN.prt | 0
23:08:15  EXPORT_MODEL_SAT | C:\Users\renjiaren\Desktop\pythonProject4\GRAIN.prt | 0
23:09:04  STOP | 0
