16:29:12  LOAD_MODEL | C:\Users\renjiaren\Desktop\pythonProject4\GRAIN.prt | 0
16:29:18  SET_PARAMT_REGEN | C:\Users\renjiaren\Desktop\pythonProject4\GRAIN.prt | 0
16:29:26  SAVE_MODEL | C:\Users\renjiaren\Desktop\pythonProject4\GRAIN.prt | 0
16:29:32  EXPORT_MODEL_SAT | C:\Users\renjiaren\Desktop\pythonProject4\GRAIN.prt | 0
16:30:21  SET_PARAMT_REGEN | C:\Users\renjiaren\Desktop\pythonProject4\GRAIN.prt | 0
16:30:29  SAVE_MODEL | C:\Users\renjiaren\Desktop\pythonProject4\GRAIN.prt | 0
16:30:35  EXPORT_MODEL_SAT | C:\Users\renjiaren\Desktop\pythonProject4\GRAIN.prt | 0
16:31:23  SET_PARAMT_REGEN | C:\Users\renjiaren\Desktop\pythonProject4\GRAIN.prt | 0
16:31:31  SAVE_MODEL | C:\Users\renjiaren\Desktop\pythonProject4\GRAIN.prt | 0
16:31:37  EXPORT_MODEL_SAT | C:\Users\renjiaren\Desktop\pythonProject4\GRAIN.prt | 0
16:32:26  SET_PARAMT_REGEN | C:\Users\renjiaren\Desktop\pythonProject4\GRAIN.prt | 0
16:32:33  SAVE_MODEL | C:\Users\renjiaren\Desktop\pythonProject4\GRAIN.prt | 0
16:32:39  EXPORT_MODEL_SAT | C:\Users\renjiaren\Desktop\pythonProject4\GRAIN.prt | 0
16:33:28  SET_PARAMT_REGEN | C:\Users\renjiaren\Desktop\pythonProject4\GRAIN.prt | 0
16:33:36  SAVE_MODEL | C:\Users\renjiaren\Desktop\pythonProject4\GRAIN.prt | 0
16:33:42  EXPORT_MODEL_SAT | C:\Users\renjiaren\Desktop\pythonProject4\GRAIN.prt | 0
16:34:31  SET_PARAMT_REGEN | C:\Users\renjiaren\Desktop\pythonProject4\GRAIN.prt | 0
16:34:38  SAVE_MODEL | C:\Users\renjiaren\Desktop\pythonProject4\GRAIN.prt | 0
16:34:44  EXPORT_MODEL_SAT | C:\Users\renjiaren\Desktop\pythonProject4\GRAIN.prt | 0
16:35:33  SET_PARAMT_REGEN | C:\Users\renjiaren\Desktop\pythonProject4\GRAIN.prt | 0
16:35:41  SAVE_MODEL | C:\Users\renjiaren\Desktop\pythonProject4\GRAIN.prt | 0
16:35:47  EXPORT_MODEL_SAT | C:\Users\renjiaren\Desktop\pythonProject4\GRAIN.prt | 0
16:36:35  SET_PARAMT_REGEN | C:\Users\renjiaren\Desktop\pythonProject4\GRAIN.prt | 0
16:36:43  SAVE_MODEL | C:\Users\renjiaren\Desktop\pythonProject4\GRAIN.prt | 0
16:36:49  EXPORT_MODEL_SAT | C:\Users\renjiaren\Desktop\pythonProject4\GRAIN.prt | 0
16:37:38  STOP | 0
